<?xml version="1.0" encoding="UTF-8"?>
<!-- Generated by org.testng.reporters.JUnitXMLReporter -->
<testsuite ignored="0" hostname="LAPTOP-NE2K3F3R" failures="0" tests="4" name="test_chrome" time="86.678" errors="0" timestamp="27 May 2018 08:20:00 GMT">
  <testcase classname="com.hellofresh.challenge.PageSetup" name="signInTest" time="14.989"/>
  <testcase classname="com.hellofresh.challenge.PageSetup" name="logInTest" time="7.469"/>
  <testcase classname="com.hellofresh.challenge.PageSetup" name="checkoutTest" time="25.403"/>
  <testcase classname="com.hellofresh.challenge.PageSetup" name="checkoutAndLoginTest" time="20.444"/>
</testsuite> <!-- test_chrome -->
