<?xml version="1.0" encoding="UTF-8"?>
<!-- Generated by org.testng.reporters.JUnitXMLReporter -->
<testsuite ignored="0" hostname="LAPTOP-NE2K3F3R" failures="0" tests="4" name="test_ff" time="95.648" errors="0" timestamp="27 May 2018 08:21:36 GMT">
  <testcase classname="com.hellofresh.challenge.PageSetup" name="signInTest" time="14.967"/>
  <testcase classname="com.hellofresh.challenge.PageSetup" name="logInTest" time="7.191"/>
  <testcase classname="com.hellofresh.challenge.PageSetup" name="checkoutTest" time="23.716"/>
  <testcase classname="com.hellofresh.challenge.PageSetup" name="checkoutAndLoginTest" time="21.142"/>
</testsuite> <!-- test_ff -->
